[debug] [2023-05-02T00:45:51.031Z] ----------------------------------------------------------------------
[debug] [2023-05-02T00:45:51.034Z] Command:       C:\Program Files\nodejs\node.exe C:\Users\joane\AppData\Roaming\npm\node_modules\firebase-tools\lib\bin\firebase.js deploy
[debug] [2023-05-02T00:45:51.034Z] CLI Version:   11.29.1
[debug] [2023-05-02T00:45:51.034Z] Platform:      win32
[debug] [2023-05-02T00:45:51.034Z] Node Version:  v18.14.0
[debug] [2023-05-02T00:45:51.036Z] Time:          Mon May 01 2023 21:45:51 GMT-0300 (Horário Padrão de Brasília)
[debug] [2023-05-02T00:45:51.036Z] ----------------------------------------------------------------------
[debug] 
[debug] [2023-05-02T00:45:51.133Z] > command requires scopes: ["email","openid","https://www.googleapis.com/auth/cloudplatformprojects.readonly","https://www.googleapis.com/auth/firebase","https://www.googleapis.com/auth/cloud-platform"]
[debug] [2023-05-02T00:45:51.134Z] > authorizing via signed-in user (joanesdejesusjr@gmail.com)
[debug] [2023-05-02T00:45:51.134Z] [iam] checking project itelecom-website for permissions ["firebase.projects.get","firebasehosting.sites.update"]
[debug] [2023-05-02T00:45:51.138Z] >>> [apiv2][query] POST https://cloudresourcemanager.googleapis.com/v1/projects/itelecom-website:testIamPermissions [none]
[debug] [2023-05-02T00:45:51.139Z] >>> [apiv2][(partial)header] POST https://cloudresourcemanager.googleapis.com/v1/projects/itelecom-website:testIamPermissions x-goog-quota-user=projects/itelecom-website
[debug] [2023-05-02T00:45:51.139Z] >>> [apiv2][body] POST https://cloudresourcemanager.googleapis.com/v1/projects/itelecom-website:testIamPermissions {"permissions":["firebase.projects.get","firebasehosting.sites.update"]}
[debug] [2023-05-02T00:45:52.341Z] <<< [apiv2][status] POST https://cloudresourcemanager.googleapis.com/v1/projects/itelecom-website:testIamPermissions 200
[debug] [2023-05-02T00:45:52.342Z] <<< [apiv2][body] POST https://cloudresourcemanager.googleapis.com/v1/projects/itelecom-website:testIamPermissions {"permissions":["firebase.projects.get","firebasehosting.sites.update"]}
[debug] [2023-05-02T00:45:52.345Z] >>> [apiv2][query] GET https://firebase.googleapis.com/v1beta1/projects/itelecom-website [none]
[debug] [2023-05-02T00:45:52.948Z] <<< [apiv2][status] GET https://firebase.googleapis.com/v1beta1/projects/itelecom-website 200
[debug] [2023-05-02T00:45:52.948Z] <<< [apiv2][body] GET https://firebase.googleapis.com/v1beta1/projects/itelecom-website {"projectId":"itelecom-website","projectNumber":"864857810716","displayName":"itelecom-website","name":"projects/itelecom-website","resources":{"hostingSite":"itelecom-website","storageBucket":"itelecom-website.appspot.com","locationId":"us-central"},"state":"ACTIVE","etag":"1_19593c5f-e327-48da-abed-d159e20bb2ad"}
[info] 
[info] === Deploying to 'itelecom-website'...
[info] 
[info] i  deploying hosting 
[debug] [2023-05-02T00:45:52.959Z] >>> [apiv2][query] POST https://firebasehosting.googleapis.com/v1beta1/projects/-/sites/itelecom-website/versions [none]
[debug] [2023-05-02T00:45:52.959Z] >>> [apiv2][body] POST https://firebasehosting.googleapis.com/v1beta1/projects/-/sites/itelecom-website/versions {"status":"CREATED","labels":{"deployment-tool":"cli-firebase"}}
[debug] [2023-05-02T00:45:54.384Z] <<< [apiv2][status] POST https://firebasehosting.googleapis.com/v1beta1/projects/-/sites/itelecom-website/versions 200
[debug] [2023-05-02T00:45:54.384Z] <<< [apiv2][body] POST https://firebasehosting.googleapis.com/v1beta1/projects/-/sites/itelecom-website/versions {"name":"projects/864857810716/sites/itelecom-website/versions/3d836ba1e8288b57","status":"CREATED","config":{},"labels":{"deployment-tool":"cli-firebase"}}
[info] i  hosting[itelecom-website]: beginning deploy... 
[info] i  hosting[itelecom-website]: found 33 files in build 
[debug] [2023-05-02T00:45:54.413Z] [hosting] uploading with 200 concurrency
[debug] [2023-05-02T00:45:55.983Z] [hosting] hash cache [YnVpbGQ] stored for 33 files
[debug] [2023-05-02T00:45:55.983Z] [hosting][hash queue][FINAL] {"max":1558,"min":14,"avg":82.15151515151516,"active":0,"complete":33,"success":33,"errored":0,"retried":0,"total":33,"elapsed":1566}
[debug] [2023-05-02T00:45:55.984Z] >>> [apiv2][query] POST https://firebasehosting.googleapis.com/v1beta1/projects/864857810716/sites/itelecom-website/versions/3d836ba1e8288b57:populateFiles [none]
[debug] [2023-05-02T00:45:55.984Z] >>> [apiv2][body] POST https://firebasehosting.googleapis.com/v1beta1/projects/864857810716/sites/itelecom-website/versions/3d836ba1e8288b57:populateFiles {"files":{"/apple-icon.png":"9730627ffe2520a03480b0512f3d16602032d6ebd5f553b87db2e49f15786b5b","/favicon-32x32.png":"a61f15243131f08ee481c3b48d9369b54ebd2546d2c46dd6437a1f3064a0d5d0","/favicon.png":"9730627ffe2520a03480b0512f3d16602032d6ebd5f553b87db2e49f15786b5b","/logo.png":"0a5bd111d914ffdd2ae4febb0e9f501338460dd301cb51ffb1c4e149c590af68","/manifest.json":"c67268b498d934170b68839c70d13912d1642c518aa02555f823ebf233561377","/robots.txt":"bfe106a3fb878dc83461c86818bf74fc1bdc7f28538ba613cd3e775516ce8b49","/index.html":"07f857952b1b95b2d681d3edaa3213d336563232c31dede84612957d4c952ee1","/asset-manifest.json":"a4e57ad754cb837c17d4a2cb3f813237bd204fa12b6568fc9bd96298ab6efa17","/static/js/main.12a74c76.js.LICENSE.txt":"c2cbf21a4e38643e0952b9c373720f30331c060de58e02c9a734f8667f5e1a17","/static/media/logo-coinbase.87e91c7f318f2d82f46e78469976128b.svg":"fa5b990da31c342e046f091c62f1eee68e55e4991c3b8b4198530d36f79ce82e","/static/media/logo-netflix.432ed6b5c31b9bcab9a38e32bf46a1e9.svg":"5b1811437250844f7609ea857d2091b3ff9f9e6d1f9d0536aa344f110092be1f","/static/media/logo-nasa.c5d11f8820bfde5fd64db0074156e06c.svg":"1514f9e4b6f1b89bbebac7065fe03f5f019666c0213b14a8b2f3d9e0bac1f24a","/static/media/logo-spotify.7e255dc67938d13ff97cc8f16812d325.svg":"f3d8b05ac2cb8f5ffd9a3ccccca612ba0ad3c38b954529104d7d9c1c4e8004cd","/static/media/logo-pinterest.844709031a3c1266979e933c371e043a.svg":"6cbcf3d3b4d83e80642da88addb9b06e154583e5b4f57b4af447114c91bacf6d","/static/media/logo-vodafone.b3e8486c0cac220bc3a31c9eab049b21.svg":"4057caf325f1e4ae1c4e7df238db24db8fbb700dc9f3c0672f6bfd5e88b38edb","/static/media/team-4.85c82b6e60178804017f.jpg":"6d49b0309f8c307c10a8d51ab5d3f5baa9511fe09564ed617a675f408c2d8500","/static/media/bruce-mars.8a606c4a6dab54c9ceff.jpg":"b9d6660122b20a8a6fb1b6e7ea4d9b575b2ed1e9d86fe66e9ef7bbbc4804b964","/static/media/Paramount+.d5d9349ef5640bf08ff1.png":"901f01e961e6e135438b7959e7a9fdb4594dac8871fc33ed0f48b3f9842983a8","/static/media/team-3.0ef0be95e6850814c79e.jpg":"6513af6241362f4e780aa1c2ffa64056556091cdb690886682ea7d1e42bec383","/static/media/team-2.13ae2ce3e12f4cfed420.jpg":"a0478cd0b2430d3d3dbe3811378c7e357438afc828fceb25867fd05af699185c","/static/media/team-1.0fd36e0ee93dcfacdef8.jpg":"e5c2daf01af707827f107491eb5c0d631c9c70818b54eba1c33b6521ed9c2c88","/static/media/paramount_streaming.05a14783a06384a55e7b.png":"18ce8e45bbf232441cb9bb6c5c3a369aba09e46fbc25926bea399b2b101f72d6","/static/media/testimonial-6-2.21f2048f0b89919090f0.jpg":"9ca9bbe18f2844331de434edb6c332ea4a14ec5c95c67e397e8f7710ae48f28f","/static/media/testimonial-6-3.d35bef0d65354442d063.jpg":"d3318bb60a980da10263cbd470d464dfe2b8af3d0c5995697416ab8fda39699e","/static/media/banner-itelecom.85fb23e9325cb681e394.png":"2c26950eda1665c2168aa75707e98b716ebfb61964c74ea457a91725edbd0559","/static/media/itelecom-tv.5ac785aca43025e6bdf7.png":"8e50cc3f3a07a72c3580f0932ec7be32a271145c96c45833cf7d7f747391213f","/static/media/blog2.aba7a3cb94805e9557d1.jpg":"d3bf7f795f7d9665ec1a8625b5307fc101d292ba51078bf715d8752530229543","/static/media/blog-9-4.de736e0b751f453415a5.jpg":"52e168a5b4a27dc36b141aa346c5ce750f53605577563d8d0fb3f3ce33ef140f","/static/media/city-profile.4d64bba97c3d1757379e.jpg":"03cff2cd97883653a077f81e9b2072a999ef952eb399685caa15ca7167ebf6c7","/static/media/bg-sign-in-basic.f327db1d0e4b00ba3c81.jpeg":"b09b7288711ae7a392dfe28e65d58067fa42cb19a875e6d07a92d861caabff4a","/static/media/bg-coworking.06bccc47fe6ae5366bf8.jpeg":"6c5b4972662578af64ff147263b930a2cbe8b2c9e12f8b05495f14ad28d06926","/static/js/main.12a74c76.js":"dfaef32f90202083f36490a4b8b49ba0e937ac442e54d0f794d25695ad6babe4","/static/js/main.12a74c76.js.map":"09b96bff4bed5fa762c3aea532dedc51732136d5ade1ceeb76cade085f2c83cc"}}
[debug] [2023-05-02T00:45:57.148Z] <<< [apiv2][status] POST https://firebasehosting.googleapis.com/v1beta1/projects/864857810716/sites/itelecom-website/versions/3d836ba1e8288b57:populateFiles 200
[debug] [2023-05-02T00:45:57.148Z] <<< [apiv2][body] POST https://firebasehosting.googleapis.com/v1beta1/projects/864857810716/sites/itelecom-website/versions/3d836ba1e8288b57:populateFiles {"uploadRequiredHashes":["a4e57ad754cb837c17d4a2cb3f813237bd204fa12b6568fc9bd96298ab6efa17","07f857952b1b95b2d681d3edaa3213d336563232c31dede84612957d4c952ee1","dfaef32f90202083f36490a4b8b49ba0e937ac442e54d0f794d25695ad6babe4","09b96bff4bed5fa762c3aea532dedc51732136d5ade1ceeb76cade085f2c83cc"],"uploadUrl":"https://upload-firebasehosting.googleapis.com/upload/sites/itelecom-website/versions/3d836ba1e8288b57/files"}
[debug] [2023-05-02T00:45:57.151Z] >>> [apiv2][query] POST https://upload-firebasehosting.googleapis.com/upload/sites/itelecom-website/versions/3d836ba1e8288b57/files/a4e57ad754cb837c17d4a2cb3f813237bd204fa12b6568fc9bd96298ab6efa17 [none]
[debug] [2023-05-02T00:45:57.151Z] >>> [apiv2][body] POST https://upload-firebasehosting.googleapis.com/upload/sites/itelecom-website/versions/3d836ba1e8288b57/files/a4e57ad754cb837c17d4a2cb3f813237bd204fa12b6568fc9bd96298ab6efa17 [stream]
[debug] [2023-05-02T00:45:57.153Z] >>> [apiv2][query] POST https://upload-firebasehosting.googleapis.com/upload/sites/itelecom-website/versions/3d836ba1e8288b57/files/07f857952b1b95b2d681d3edaa3213d336563232c31dede84612957d4c952ee1 [none]
[debug] [2023-05-02T00:45:57.153Z] >>> [apiv2][body] POST https://upload-firebasehosting.googleapis.com/upload/sites/itelecom-website/versions/3d836ba1e8288b57/files/07f857952b1b95b2d681d3edaa3213d336563232c31dede84612957d4c952ee1 [stream]
[debug] [2023-05-02T00:45:57.156Z] >>> [apiv2][query] POST https://upload-firebasehosting.googleapis.com/upload/sites/itelecom-website/versions/3d836ba1e8288b57/files/dfaef32f90202083f36490a4b8b49ba0e937ac442e54d0f794d25695ad6babe4 [none]
[debug] [2023-05-02T00:45:57.156Z] >>> [apiv2][body] POST https://upload-firebasehosting.googleapis.com/upload/sites/itelecom-website/versions/3d836ba1e8288b57/files/dfaef32f90202083f36490a4b8b49ba0e937ac442e54d0f794d25695ad6babe4 [stream]
[debug] [2023-05-02T00:45:57.158Z] >>> [apiv2][query] POST https://upload-firebasehosting.googleapis.com/upload/sites/itelecom-website/versions/3d836ba1e8288b57/files/09b96bff4bed5fa762c3aea532dedc51732136d5ade1ceeb76cade085f2c83cc [none]
[debug] [2023-05-02T00:45:57.158Z] >>> [apiv2][body] POST https://upload-firebasehosting.googleapis.com/upload/sites/itelecom-website/versions/3d836ba1e8288b57/files/09b96bff4bed5fa762c3aea532dedc51732136d5ade1ceeb76cade085f2c83cc [stream]
[debug] [2023-05-02T00:45:57.161Z] [hosting][populate queue][FINAL] {"max":1171,"min":1171,"avg":1171,"active":0,"complete":1,"success":1,"errored":0,"retried":0,"total":1,"elapsed":1181}
[debug] [2023-05-02T00:45:57.161Z] [hosting] uploads queued: 4
[debug] [2023-05-02T00:45:59.329Z] <<< [apiv2][status] POST https://upload-firebasehosting.googleapis.com/upload/sites/itelecom-website/versions/3d836ba1e8288b57/files/a4e57ad754cb837c17d4a2cb3f813237bd204fa12b6568fc9bd96298ab6efa17 200
[debug] [2023-05-02T00:45:59.330Z] <<< [apiv2][body] POST https://upload-firebasehosting.googleapis.com/upload/sites/itelecom-website/versions/3d836ba1e8288b57/files/a4e57ad754cb837c17d4a2cb3f813237bd204fa12b6568fc9bd96298ab6efa17 [stream]
[debug] [2023-05-02T00:45:59.435Z] <<< [apiv2][status] POST https://upload-firebasehosting.googleapis.com/upload/sites/itelecom-website/versions/3d836ba1e8288b57/files/07f857952b1b95b2d681d3edaa3213d336563232c31dede84612957d4c952ee1 200
[debug] [2023-05-02T00:45:59.435Z] <<< [apiv2][body] POST https://upload-firebasehosting.googleapis.com/upload/sites/itelecom-website/versions/3d836ba1e8288b57/files/07f857952b1b95b2d681d3edaa3213d336563232c31dede84612957d4c952ee1 [stream]
[debug] [2023-05-02T00:45:59.649Z] <<< [apiv2][status] POST https://upload-firebasehosting.googleapis.com/upload/sites/itelecom-website/versions/3d836ba1e8288b57/files/dfaef32f90202083f36490a4b8b49ba0e937ac442e54d0f794d25695ad6babe4 200
[debug] [2023-05-02T00:45:59.649Z] <<< [apiv2][body] POST https://upload-firebasehosting.googleapis.com/upload/sites/itelecom-website/versions/3d836ba1e8288b57/files/dfaef32f90202083f36490a4b8b49ba0e937ac442e54d0f794d25695ad6babe4 [stream]
[debug] [2023-05-02T00:46:01.210Z] <<< [apiv2][status] POST https://upload-firebasehosting.googleapis.com/upload/sites/itelecom-website/versions/3d836ba1e8288b57/files/09b96bff4bed5fa762c3aea532dedc51732136d5ade1ceeb76cade085f2c83cc 200
[debug] [2023-05-02T00:46:01.210Z] <<< [apiv2][body] POST https://upload-firebasehosting.googleapis.com/upload/sites/itelecom-website/versions/3d836ba1e8288b57/files/09b96bff4bed5fa762c3aea532dedc51732136d5ade1ceeb76cade085f2c83cc [stream]
[debug] [2023-05-02T00:46:01.211Z] [hosting][upload queue][FINAL] {"max":4060,"min":2182,"avg":2756.75,"active":0,"complete":4,"success":4,"errored":0,"retried":0,"total":4,"elapsed":4062}
[info] +  hosting[itelecom-website]: file upload complete 
[debug] [2023-05-02T00:46:01.212Z] [hosting] deploy completed after 6825ms
[debug] [2023-05-02T00:46:01.216Z] [
  {
    "config": {
      "public": "build",
      "ignore": [
        "firebase.json",
        "**/.*",
        "**/node_modules/**"
      ],
      "rewrites": [
        {
          "source": "**",
          "destination": "/index.html"
        }
      ],
      "site": "itelecom-website"
    },
    "version": "projects/864857810716/sites/itelecom-website/versions/3d836ba1e8288b57"
  }
]
[info] i  hosting[itelecom-website]: finalizing version... 
[debug] [2023-05-02T00:46:01.219Z] >>> [apiv2][query] PATCH https://firebasehosting.googleapis.com/v1beta1/projects/-/sites/itelecom-website/versions/3d836ba1e8288b57 updateMask=status%2Cconfig
[debug] [2023-05-02T00:46:01.219Z] >>> [apiv2][body] PATCH https://firebasehosting.googleapis.com/v1beta1/projects/-/sites/itelecom-website/versions/3d836ba1e8288b57 {"status":"FINALIZED","config":{"rewrites":[{"glob":"**","path":"/index.html"}]}}
